[INFO] 2024/12/30 16:31:59 Calling method: /proto.TaskManagementService/UserLogin with request: userName:"jane.smith@example.com" password:"mypassword456"
[INFO] 2024/12/30 16:31:59 Method /proto.TaskManagementService/UserLogin succeeded with response: message:"Login successful"
[INFO] 2024/12/30 16:34:03 Calling method: /proto.TaskManagementService/CreateTask with request: userId:1 Title:"Data Structure and Algorithm" Description:"To practice sliding window algorithms" Status:"Pending"
[INFO] 2024/12/30 16:34:04 Method /proto.TaskManagementService/CreateTask succeeded with response: message:"Task Created Successfully"
[INFO] 2024/12/30 16:34:08 Calling method: /proto.TaskManagementService/CreateTask with request: userId:10 Title:"Data Structure and Algorithm" Description:"To practice sliding window algorithms" Status:"Pending"
[ERROR] 2024/12/30 16:34:08 Method /proto.TaskManagementService/CreateTask failed with error: rpc error: code = Unknown desc = failed to insert task Error 1452 (23000): Cannot add or update a child row: a foreign key constraint fails (`task_management`.`task`, CONSTRAINT `fk_user_id` FOREIGN KEY (`user_id`) REFERENCES `user` (`id`) ON DELETE CASCADE)
[INFO] 2024/12/30 16:35:18 Calling method: /proto.TaskManagementService/SortTasks with request: sort_by:"created_at"
[INFO] 2024/12/30 16:35:18 Method /proto.TaskManagementService/SortTasks succeeded with response: Task:{Id:1 Title:"Data Structure and Algorithm" Description:"To practice sliding window algorithms" Status:"Pending" createdAt:{seconds:1735556352}} Task:{Id:3 Title:"Data Structure and Algorithm" Description:"To practice sliding window algorithms" Status:"Pending" createdAt:{seconds:1735556644}}
[INFO] 2024/12/30 16:43:29 Calling method: /proto.TaskManagementService/SortTasks with request: sort_by:"created_at"
[INFO] 2024/12/30 16:43:29 Method /proto.TaskManagementService/SortTasks succeeded with response: Task:{Id:1 Title:"Data Structure and Algorithm" Description:"To practice sliding window algorithms" Status:"Pending" createdAt:{seconds:1735556352}} Task:{Id:3 Title:"Data Structure and Algorithm" Description:"To practice sliding window algorithms" Status:"Pending" createdAt:{seconds:1735556644}}
[INFO] 2024/12/30 17:16:05 Calling method: /proto.TaskManagementService/CreateTask with request: userId:10  Title:"Data Structure and Algorithm"  Description:"To practice sliding window algorithms"  Status:"Pending"
[ERROR] 2024/12/30 17:16:05 Method /proto.TaskManagementService/CreateTask failed with error: rpc error: code = Unknown desc = failed to insert task Error 1452 (23000): Cannot add or update a child row: a foreign key constraint fails (`task_management`.`task`, CONSTRAINT `fk_user_id` FOREIGN KEY (`user_id`) REFERENCES `user` (`id`) ON DELETE CASCADE)
[INFO] 2024/12/30 17:16:13 Calling method: /proto.TaskManagementService/CreateTask with request: userId:2  Title:"Data Structure and Algorithm"  Description:"To practice sliding window algorithms"  Status:"Pending"
[INFO] 2024/12/30 17:16:13 Method /proto.TaskManagementService/CreateTask succeeded with response: message:"Task Created Successfully"
[INFO] 2024/12/30 17:37:00 Opening stream for method: /proto.TaskManagementService/CreateTaskList
[INFO] 2024/12/30 17:37:00 Stream successfully opened for method: /proto.TaskManagementService/CreateTaskList
[INFO] 2024/12/30 17:40:03 Opening stream for method: /proto.TaskManagementService/CreateTaskList
[INFO] 2024/12/30 17:40:03 Stream successfully opened for method: /proto.TaskManagementService/CreateTaskList
[INFO] 2024/12/30 17:55:46 Opening stream for method: /proto.TaskManagementService/CreateTaskList
[INFO] 2024/12/30 17:55:46 Stream successfully opened for method: /proto.TaskManagementService/CreateTaskList
[INFO] 2024/12/30 18:05:23 Opening stream for method: /proto.TaskManagementService/CreateTaskList
[INFO] 2024/12/30 18:05:23 Stream successfully opened for method: /proto.TaskManagementService/CreateTaskList
[ERROR] 2024/12/30 18:05:23 Error receiving message from method /proto.TaskManagementService/CreateTaskList: rpc error: code = Unknown desc = failed to insert task Error 1146 (42S02): Table 'task_management.task' doesn't exist
[INFO] 2024/12/30 18:06:26 Opening stream for method: /proto.TaskManagementService/CreateTaskList
[INFO] 2024/12/30 18:06:26 Stream successfully opened for method: /proto.TaskManagementService/CreateTaskList
[INFO] 2024/12/30 18:06:26 Received message from method /proto.TaskManagementService/CreateTaskList: Title:"Docker Containerization"  Description:"Containerize a Node.js application using Docker to ensure seamless deployment across environments."  Status:"Pending"
[INFO] 2024/12/30 18:06:27 Received message from method /proto.TaskManagementService/CreateTaskList: Title:"Kubernetes Setup"  Description:"Set up a Kubernetes cluster to manage containerized applications with automated scaling and deployment."  Status:"Not Started"
[INFO] 2024/12/30 18:06:28 Received message from method /proto.TaskManagementService/CreateTaskList: Title:"GraphQL API Development"  Description:"Develop an API using GraphQL to allow flexible querying for frontend applications."  Status:"In Progress"
[INFO] 2024/12/30 18:06:29 Received message from method /proto.TaskManagementService/CreateTaskList: Title:"Microservices Architecture"  Description:"Break a monolithic application into microservices to improve scalability and maintainability."  Status:"Pending"
[INFO] 2024/12/30 18:06:30 Received message from method /proto.TaskManagementService/CreateTaskList: Title:"Database Indexing"  Description:"Implement database indexing to optimize query performance in a MySQL database."  Status:"Completed"
[INFO] 2024/12/30 18:06:31 Received message from method /proto.TaskManagementService/CreateTaskList: Title:"CI/CD Pipeline"  Description:"Create a CI/CD pipeline using GitHub Actions to automate testing and deployment."  Status:"In Review"
[INFO] 2024/12/30 18:06:32 Received message from method /proto.TaskManagementService/CreateTaskList: Title:"Performance Testing"  Description:"Conduct performance testing using JMeter to identify and address bottlenecks in an API."  Status:"In Progress"
[INFO] 2024/12/30 18:06:33 Received message from method /proto.TaskManagementService/CreateTaskList: Title:"AI Chatbot Development"  Description:"Develop a chatbot using Python and TensorFlow to provide automated customer support."  Status:"Pending"
[INFO] 2024/12/30 18:06:34 Received message from method /proto.TaskManagementService/CreateTaskList: Title:"Log Aggregation with ELK Stack"  Description:"Set up ELK stack for centralized log aggregation and monitoring in a production environment."  Status:"Not Started"
[INFO] 2024/12/30 18:06:35 Received message from method /proto.TaskManagementService/CreateTaskList: Title:"Security Audit"  Description:"Perform a security audit of the application to identify and address potential vulnerabilities."  Status:"Completed"
[ERROR] 2024/12/30 18:06:36 Error receiving message from method /proto.TaskManagementService/CreateTaskList: EOF
[INFO] 2024/12/30 18:45:20 Calling method: /proto.TaskManagementService/UserLogin with request: userName:"jane.smith@example.com"  password:"mypassword456"
[INFO] 2024/12/30 18:45:20 Method /proto.TaskManagementService/UserLogin succeeded with response: message:"Login successful"
[INFO] 2024/12/30 19:59:25 Calling method: /proto.TaskManagementService/UserLogin with request: userName:"jane.smith@example.com" password:"mypassword456"
[INFO] 2024/12/30 19:59:25 Method /proto.TaskManagementService/UserLogin succeeded with response: message:"Login successful"
[INFO] 2024/12/30 19:59:33 Calling method: /proto.TaskManagementService/UserLogin with request: userName:"jane.smith@example.com" password:"mypassword456"
[INFO] 2024/12/30 19:59:33 Method /proto.TaskManagementService/UserLogin succeeded with response: message:"Login successful"
